#
# A fatal error has been detected by the Java Runtime Environment:
#
#  Internal Error (javaClasses.cpp:129), pid=5392, tid=3888
#  fatal error: Invalid layout of preloaded class
#
# JRE version: 7.0_11-b21
# Java VM: Java HotSpot(TM) 64-Bit Server VM (23.6-b04 mixed mode windows-amd64 compressed oops)
# Failed to write core dump. Minidumps are not enabled by default on client versions of Windows
#
# If you would like to submit a bug report, please visit:
#   http://bugreport.sun.com/bugreport/crash.jsp
#

---------------  T H R E A D  ---------------

Current thread (0x000000000028d000):  JavaThread "Unknown thread" [_thread_in_vm, id=3888, stack(0x0000000002370000,0x0000000002470000)]

Stack: [0x0000000002370000,0x0000000002470000]

---------------  P R O C E S S  ---------------

Java Threads: ( => current thread )

Other Threads:

=>0x000000000028d000 (exited) JavaThread "Unknown thread" [_thread_in_vm, id=3888, stack(0x0000000002370000,0x0000000002470000)]

VM state:not at safepoint (not fully initialized)

VM Mutex/Monitor currently owned by a thread: None

GC Heap History (0 events):
No events

Deoptimization events (0 events):
No events

Internal exceptions (0 events):
No events

Events (10 events):
Event: 0.595 loading class 0x00000000021d0910 done
Event: 0.595 loading class 0x0000000002192ae0 done
Event: 0.595 loading class 0x0000000002192ab0
Event: 0.596 loading class 0x00000000021dd550
Event: 0.596 loading class 0x00000000021dd550 done
Event: 0.596 loading class 0x00000000021dd590
Event: 0.596 loading class 0x00000000021dd590 done
Event: 0.596 loading class 0x000000000b6ce170
Event: 0.596 loading class 0x000000000b6ce170 done
Event: 0.596 loading class 0x0000000002192ab0 done


Dynamic libraries:
0x000000013fd30000 - 0x000000013fd63000 	C:\Users\Jon\Java\jdk1.7.0_11\bin\javaw.exe
0x0000000077a30000 - 0x0000000077bd9000 	C:\Windows\SYSTEM32\ntdll.dll
0x0000000077910000 - 0x0000000077a2f000 	C:\Windows\system32\kernel32.dll
0x000007fefdf80000 - 0x000007fefdfeb000 	C:\Windows\system32\KERNELBASE.dll
0x000007fefec80000 - 0x000007fefed5b000 	C:\Windows\system32\ADVAPI32.dll
0x000007fefe260000 - 0x000007fefe2ff000 	C:\Windows\system32\msvcrt.dll
0x000007fefebe0000 - 0x000007fefebff000 	C:\Windows\SYSTEM32\sechost.dll
0x000007fefeab0000 - 0x000007fefebdd000 	C:\Windows\system32\RPCRT4.dll
0x0000000077560000 - 0x000000007765a000 	C:\Windows\system32\USER32.dll
0x000007fefec00000 - 0x000007fefec67000 	C:\Windows\system32\GDI32.dll
0x000007fefec70000 - 0x000007fefec7e000 	C:\Windows\system32\LPK.dll
0x000007fefe800000 - 0x000007fefe8c9000 	C:\Windows\system32\USP10.dll
0x000007fefc830000 - 0x000007fefca24000 	C:\Windows\WinSxS\amd64_microsoft.windows.common-controls_6595b64144ccf1df_6.0.7601.17514_none_fa396087175ac9ac\COMCTL32.dll
0x000007fefe550000 - 0x000007fefe5c1000 	C:\Windows\system32\SHLWAPI.dll
0x000007fefea80000 - 0x000007fefeaae000 	C:\Windows\system32\IMM32.DLL
0x000007fefe970000 - 0x000007fefea79000 	C:\Windows\system32\MSCTF.dll
0x00000000500f0000 - 0x00000000501c1000 	C:\Users\Jon\Java\jdk1.7.0_11\jre\bin\msvcr100.dll
0x000000006e760000 - 0x000000006ee7f000 	C:\Users\Jon\Java\jdk1.7.0_11\jre\bin\server\jvm.dll
0x000007fef1c10000 - 0x000007fef1c19000 	C:\Windows\system32\WSOCK32.dll
0x000007fefe500000 - 0x000007fefe54d000 	C:\Windows\system32\WS2_32.dll
0x000007feffb50000 - 0x000007feffb58000 	C:\Windows\system32\NSI.dll
0x000007fefb680000 - 0x000007fefb6bb000 	C:\Windows\system32\WINMM.dll
0x0000000077c00000 - 0x0000000077c07000 	C:\Windows\system32\PSAPI.DLL
0x0000000066210000 - 0x000000006621f000 	C:\Users\Jon\Java\jdk1.7.0_11\jre\bin\verify.dll
0x0000000061310000 - 0x0000000061338000 	C:\Users\Jon\Java\jdk1.7.0_11\jre\bin\java.dll
0x0000000058850000 - 0x0000000058885000 	C:\Users\Jon\Java\jdk1.7.0_11\jre\bin\jdwp.dll
0x0000000066060000 - 0x0000000066068000 	C:\Users\Jon\Java\jdk1.7.0_11\jre\bin\npt.dll
0x00000000631d0000 - 0x00000000631e5000 	C:\Users\Jon\Java\jdk1.7.0_11\jre\bin\zip.dll

VM Arguments:
jvm_args: -agentlib:jdwp=transport=dt_socket,suspend=y,address=localhost:41956 -Dfile.encoding=Cp1252 -Xbootclasspath:C:\Users\Jon\Android\android-sdk\platforms\android-17\android.jar 
java_command: com.osman.mymusickeychain.MusicKey
Launcher Type: SUN_STANDARD

Environment Variables:
CLASSPATH=.;C:\Program Files (x86)\Java\jre7\lib\ext\QTJava.zip;C:\Users\Jon\School\Java\workspace
PATH=C:\Users\Jon\Java\jdk1.7.0_11\jre\bin;C:\Program Files\Common Files\Microsoft Shared\Windows Live;C:\Program Files (x86)\Common Files\Microsoft Shared\Windows Live;C:\Windows\system32;C:\Windows;C:\Windows\System32\Wbem;C:\Program Files (x86)\NVIDIA Corporation\PhysX\Common;C:Windows\system32;C:\Users\Jon\Java\jdk1.7.0_11\bin;C:Windows;C:Windows\System32\Wbem;C:Windows\System32\WindowsPowerShell\v1.0\;C:\Program Files (x86)\Windows Live\Shared;C:\Program Files (x86)\Dev-Cpp\bin;C:\Program Files (x86)\SSH Communications Security\SSH Secure Shell
USERNAME=Jon
OS=Windows_NT
PROCESSOR_IDENTIFIER=Intel64 Family 6 Model 42 Stepping 7, GenuineIntel



---------------  S Y S T E M  ---------------

OS: Windows 7 , 64 bit Build 7601 Service Pack 1

CPU:total 4 (4 cores per cpu, 1 threads per core) family 6 model 42 stepping 7, cmov, cx8, fxsr, mmx, sse, sse2, sse3, ssse3, sse4.1, sse4.2, popcnt, avx, tsc, tscinvbit

Memory: 4k page, physical 8363132k(2105480k free), swap 17548024k(6093320k free)

vm_info: Java HotSpot(TM) 64-Bit Server VM (23.6-b04) for windows-amd64 JRE (1.7.0_11-b21), built on Jan 12 2013 02:38:42 by "java_re" with unknown MS VC++:1600

time: Thu Apr 25 14:29:09 2013
elapsed time: 0 seconds

